<?xml version="1.0" encoding="UTF-8"?>
<!-- Generated by org.testng.reporters.JUnitReportReporter -->
<testsuite hostname="raghav-PC" name="com.raghav.UITests.UserLoginSignUpTest" tests="1" failures="0" timestamp="12 Dec 2017 07:38:00 GMT" time="0.019" errors="0">
  <testcase name="f" time="0.019" classname="com.raghav.UITests.UserLoginSignUpTest"/>
</testsuite> <!-- com.raghav.UITests.UserLoginSignUpTest -->
