<?xml version="1.0" encoding="UTF-8"?>
<!-- Generated by org.testng.reporters.JUnitReportReporter -->
<testsuite hostname="raghav-PC" name="tests.com.raghav.UITests.UserAccountTest" tests="1" failures="0" timestamp="12 Dec 2017 12:14:33 GMT" time="31.087" errors="0">
  <testcase name="testUserLogin" time="31.087" classname="tests.com.raghav.UITests.UserAccountTest"/>
</testsuite> <!-- tests.com.raghav.UITests.UserAccountTest -->
