<?xml version="1.0" encoding="UTF-8"?>
<!-- Generated by org.testng.reporters.JUnitReportReporter -->
<testsuite hostname="raghav-PC" name="MyFirstTest" tests="1" failures="0" timestamp="11 Dec 2017 19:02:00 GMT" time="0.026" errors="0">
  <testcase name="f" time="0.026" classname="MyFirstTest"/>
</testsuite> <!-- MyFirstTest -->
